<?xml version="1.0" encoding="UTF-8"?>
<testsuites name="4Create" time="32.717" tests="1" failures="0" errors="0">
   <testsuite name="4Create" tests="1" failures="0" errors="0" time="32.717" skipped="0" timestamp="2023-05-29 00:59:18" hostname="User - DESKTOP-BSQBFPH" id="Test Suites/4Create">
      <properties>
         <property name="deviceName" value=""/>
         <property name="devicePlatform" value=""/>
         <property name="logFolder" value="C:\\Users\\User\\Katalon Studio\\Training project\\Reports\\20230529_005910\\4Create\\20230529_005910"/>
         <property name="logFiles" value="C:\\Users\\User\\Katalon Studio\\Training project\\Reports\\20230529_005910\\4Create\\20230529_005910\\execution0.log"/>
         <property name="attachments" value="C:\\Users\\User\\Katalon Studio\\Training project\\Reports\\20230529_005910\\4Create\\20230529_005910\\1685314782658.png, C:\\Users\\User\\Katalon Studio\\Training project\\Reports\\20230529_005910\\4Create\\20230529_005910\\1685314783641.png"/>
         <property name="hostName" value="User - DESKTOP-BSQBFPH"/>
         <property name="os" value="Windows 10 64bit"/>
         <property name="katalonVersion" value="8.6.0.208"/>
         <property name="browser" value="Chrome 113.0.0.0"/>
         <property name="hostAddress" value="192.168.1.14"/>
         <property name="sessionId" value="4235ca59f4bad9e4a224fd175b129c16"/>
         <property name="seleniumVersion" value="3.141.59"/>
         <property name="proxyInformation" value="ProxyInformation { proxyOption=NO_PROXY, proxyServerType=HTTP, username=, password=********, proxyServerAddress=, proxyServerPort=0, executionList=&quot;&quot;, isApplyToDesiredCapabilities=true }"/>
         <property name="platform" value="Windows 10"/>
      </properties>
      <testcase name="Test Cases/4Create2" time="32.252" classname="Test Cases/4Create2" status="PASSED">
         <system-out><![CDATA[2023-05-29 00:59:19 - [TEST_CASE][PASSED] - Test Cases/4Create2: Test Cases/4Create2

2023-05-29 00:59:20 - [TEST_STEP][PASSED] - openBrowser(""): Browser is opened with url: ''

2023-05-29 00:59:20 - [MESSAGE][INFO] - Starting 'Chrome' driver

2023-05-29 00:59:20 - [MESSAGE][INFO] - Action delay is set to 0 milliseconds

2023-05-29 00:59:23 - [MESSAGE][PASSED] - Browser is opened with url: ''

2023-05-29 00:59:23 - [TEST_STEP][PASSED] - maximizeWindow(): Current window maximized

2023-05-29 00:59:23 - [MESSAGE][PASSED] - Current window maximized

2023-05-29 00:59:23 - [TEST_STEP][PASSED] - navigateToUrl("https://rahulshettyacademy.com/seleniumPractise/#/"): Navigate to 'https://rahulshettyacademy.com/seleniumPractise/#/' successfully

2023-05-29 00:59:25 - [MESSAGE][PASSED] - Navigate to 'https://rahulshettyacademy.com/seleniumPractise/#/' successfully

2023-05-29 00:59:25 - [TEST_STEP][PASSED] - for (def index : (0..3)): Object: 'Object Repository/Page_GreenKart/button_ADD TO CART Brocolli' is clicked on

2023-05-29 00:59:25 - [TEST_STEP][PASSED] - click(findTestObject("Page_GreenKart/button_ADD TO CART Brocolli")): Object: 'Object Repository/Page_GreenKart/button_ADD TO CART Brocolli' is clicked on

2023-05-29 00:59:25 - [MESSAGE][PASSED] - Object: 'Object Repository/Page_GreenKart/button_ADD TO CART Brocolli' is clicked on

2023-05-29 00:59:25 - [TEST_STEP][PASSED] - click(findTestObject("Page_GreenKart/button_ADD TO CART Brocolli")): Object: 'Object Repository/Page_GreenKart/button_ADD TO CART Brocolli' is clicked on

2023-05-29 00:59:26 - [MESSAGE][PASSED] - Object: 'Object Repository/Page_GreenKart/button_ADD TO CART Brocolli' is clicked on

2023-05-29 00:59:26 - [TEST_STEP][PASSED] - click(findTestObject("Page_GreenKart/button_ADD TO CART Brocolli")): Object: 'Object Repository/Page_GreenKart/button_ADD TO CART Brocolli' is clicked on

2023-05-29 00:59:26 - [MESSAGE][PASSED] - Object: 'Object Repository/Page_GreenKart/button_ADD TO CART Brocolli' is clicked on

2023-05-29 00:59:26 - [TEST_STEP][PASSED] - click(findTestObject("Page_GreenKart/button_ADD TO CART Brocolli")): Object: 'Object Repository/Page_GreenKart/button_ADD TO CART Brocolli' is clicked on

2023-05-29 00:59:27 - [MESSAGE][PASSED] - Object: 'Object Repository/Page_GreenKart/button_ADD TO CART Brocolli' is clicked on

2023-05-29 00:59:27 - [TEST_STEP][PASSED] - click(findTestObject("Page_GreenKart/button_ADD TO CART Carrot")): Object: 'Object Repository/Page_GreenKart/button_ADD TO CART Carrot' is clicked on

2023-05-29 00:59:27 - [MESSAGE][PASSED] - Object: 'Object Repository/Page_GreenKart/button_ADD TO CART Carrot' is clicked on

2023-05-29 00:59:27 - [TEST_STEP][PASSED] - click(findTestObject("Page_GreenKart/button_ADD TO CART Tomato")): Object: 'Object Repository/Page_GreenKart/button_ADD TO CART Tomato' is clicked on

2023-05-29 00:59:28 - [MESSAGE][PASSED] - Object: 'Object Repository/Page_GreenKart/button_ADD TO CART Tomato' is clicked on

2023-05-29 00:59:28 - [TEST_STEP][PASSED] - click(findTestObject("Page_GreenKart/button_ADD TO CART Potato")): Object: 'Object Repository/Page_GreenKart/button_ADD TO CART Potato' is clicked on

2023-05-29 00:59:29 - [MESSAGE][PASSED] - Object: 'Object Repository/Page_GreenKart/button_ADD TO CART Potato' is clicked on

2023-05-29 00:59:29 - [TEST_STEP][PASSED] - click(findTestObject("Page_GreenKart/img Chart")): Object: 'Object Repository/Page_GreenKart/img Chart' is clicked on

2023-05-29 00:59:29 - [MESSAGE][PASSED] - Object: 'Object Repository/Page_GreenKart/img Chart' is clicked on

2023-05-29 00:59:29 - [TEST_STEP][PASSED] - click(findTestObject("Page_GreenKart/div_PROCEED TO CHECKOUT")): Object: 'Object Repository/Page_GreenKart/div_PROCEED TO CHECKOUT' is clicked on

2023-05-29 00:59:30 - [MESSAGE][PASSED] - Object: 'Object Repository/Page_GreenKart/div_PROCEED TO CHECKOUT' is clicked on

2023-05-29 00:59:30 - [TEST_STEP][PASSED] - s = getText(findTestObject("Page_GreenKart/txt_total amount")): Text of object 'Object Repository/Page_GreenKart/txt_total amount' is: '574'

2023-05-29 00:59:31 - [MESSAGE][PASSED] - Text of object 'Object Repository/Page_GreenKart/txt_total amount' is: '574'

2023-05-29 00:59:31 - [TEST_STEP][PASSED] - setText(findTestObject("Page_GreenKart/input_Total_promoCode111"), s): Text '574' is set on object 'Object Repository/Page_GreenKart/input_Total_promoCode111'

2023-05-29 00:59:32 - [MESSAGE][PASSED] - Text '574' is set on object 'Object Repository/Page_GreenKart/input_Total_promoCode111'

2023-05-29 00:59:32 - [TEST_STEP][PASSED] - click(findTestObject("Page_GreenKart/button_Apply")): Object: 'Object Repository/Page_GreenKart/button_Apply' is clicked on

2023-05-29 00:59:32 - [MESSAGE][PASSED] - Object: 'Object Repository/Page_GreenKart/button_Apply' is clicked on

2023-05-29 00:59:32 - [TEST_STEP][PASSED] - click(findTestObject("Page_GreenKart/button_Place Order")): Object: 'Object Repository/Page_GreenKart/button_Place Order' is clicked on

2023-05-29 00:59:33 - [MESSAGE][PASSED] - Object: 'Object Repository/Page_GreenKart/button_Place Order' is clicked on

2023-05-29 00:59:33 - [TEST_STEP][PASSED] - verifyElementHasAttribute(findTestObject("Page_GreenKart/SelectFromCountry"), "disabled", 0): Object 'Object Repository/Page_GreenKart/SelectFromCountry' has attribute 'disabled'

2023-05-29 00:59:33 - [MESSAGE][WARNING] - Timeout '0' is invalid. Using default page load timeout: '30'

2023-05-29 00:59:33 - [MESSAGE][PASSED] - Object 'Object Repository/Page_GreenKart/SelectFromCountry' has attribute 'disabled'

2023-05-29 00:59:33 - [TEST_STEP][PASSED] - selectOptionByValue(findTestObject("Page_GreenKart/select_SelectCountry"), "Algeria", true): All options with value 'Algeria' are selected in object 'Object Repository/Page_GreenKart/select_SelectCountry'  using regular expression

2023-05-29 00:59:38 - [MESSAGE][PASSED] - All options with value 'Algeria' are selected in object 'Object Repository/Page_GreenKart/select_SelectCountry'  using regular expression

2023-05-29 00:59:38 - [TEST_STEP][PASSED] - click(findTestObject("Page_GreenKart/button_Proceed")): Object: 'Object Repository/Page_GreenKart/button_Proceed' is clicked on

2023-05-29 00:59:38 - [MESSAGE][PASSED] - Object: 'Object Repository/Page_GreenKart/button_Proceed' is clicked on

2023-05-29 00:59:38 - [TEST_STEP][PASSED] - click(findTestObject("Page_GreenKart/input_Choose Country_chkAgree")): Object: 'Object Repository/Page_GreenKart/input_Choose Country_chkAgree' is clicked on

2023-05-29 00:59:39 - [MESSAGE][INFO] - Unable to find the element located by 'By.xpath: //input[@type='text']'. Please recheck the objects properties to make sure the desired element is located. 

2023-05-29 00:59:39 - [MESSAGE][WARNING] - [SELF-HEALING] Failed to find element with id 'Object Repository/Page_GreenKart/input_Choose Country_chkAgree'. Try using Self-healing.

2023-05-29 00:59:40 - [MESSAGE][WARNING] - [SELF-HEALING] The current locator of test object 'Object Repository/Page_GreenKart/input_Choose Country_chkAgree' was broken. Propose an alternative one: '//input'.

2023-05-29 00:59:40 - [MESSAGE][PASSED] - Object: 'Object Repository/Page_GreenKart/input_Choose Country_chkAgree' is clicked on

2023-05-29 00:59:40 - [TEST_STEP][PASSED] - click(findTestObject("Page_GreenKart/button_Proceed")): Object: 'Object Repository/Page_GreenKart/button_Proceed' is clicked on

2023-05-29 00:59:40 - [MESSAGE][PASSED] - Object: 'Object Repository/Page_GreenKart/button_Proceed' is clicked on

2023-05-29 00:59:40 - [TEST_STEP][PASSED] - sendKeys(findTestObject("Page_GreenKart/logo_greenlogo"), Keys.chord(CONTROL, "T")): Keys 'CONTROL + T' sent to object: 'Object Repository/Page_GreenKart/logo_greenlogo'

2023-05-29 00:59:41 - [MESSAGE][PASSED] - Keys 'CONTROL + T' sent to object: 'Object Repository/Page_GreenKart/logo_greenlogo'

2023-05-29 00:59:41 - [TEST_STEP][PASSED] - navigateToUrl("http://www.webdriveruniversity.com/"): Navigate to 'http://www.webdriveruniversity.com/' successfully

2023-05-29 00:59:41 - [MESSAGE][PASSED] - Navigate to 'http://www.webdriveruniversity.com/' successfully

2023-05-29 00:59:41 - [TEST_STEP][PASSED] - scrollToElement(findTestObject("Page_GreenKart/section_Actions"), 0): Scroll to object 'Object Repository/Page_GreenKart/section_Actions' successfully

2023-05-29 00:59:41 - [MESSAGE][WARNING] - Timeout '0' is invalid. Using default page load timeout: '30'

2023-05-29 00:59:42 - [MESSAGE][PASSED] - Scroll to object 'Object Repository/Page_GreenKart/section_Actions' successfully

2023-05-29 00:59:42 - [TEST_STEP][PASSED] - takeScreenshot(): Taking screenshot successfully

2023-05-29 00:59:42 - [MESSAGE][PASSED] - Taking screenshot successfully
[[ATTACHMENT|C:\\Users\\User\\Katalon Studio\\Training project\\Reports\\20230529_005910\\4Create\\20230529_005910\\1685314782658.png]]

2023-05-29 00:59:42 - [TEST_STEP][PASSED] - click(findTestObject("Page_GreenKart/h1_Actions")): Object: 'Object Repository/Page_GreenKart/h1_Actions' is clicked on

2023-05-29 00:59:43 - [MESSAGE][PASSED] - Object: 'Object Repository/Page_GreenKart/h1_Actions' is clicked on

2023-05-29 00:59:43 - [TEST_STEP][PASSED] - switchToWindowIndex(0): Switched to window with index: '0'

2023-05-29 00:59:43 - [MESSAGE][PASSED] - Switched to window with index: '0'

2023-05-29 00:59:43 - [TEST_STEP][PASSED] - takeScreenshot(): Taking screenshot successfully

2023-05-29 00:59:43 - [MESSAGE][PASSED] - Taking screenshot successfully
[[ATTACHMENT|C:\\Users\\User\\Katalon Studio\\Training project\\Reports\\20230529_005910\\4Create\\20230529_005910\\1685314783641.png]]

2023-05-29 00:59:43 - [TEST_STEP][PASSED] - switchToWindowIndex(1): Switched to window with index: '1'

2023-05-29 00:59:43 - [MESSAGE][PASSED] - Switched to window with index: '1'

2023-05-29 00:59:43 - [TEST_STEP][PASSED] - pageTitle = getWindowTitle(): Current window's title is: 'WebDriver | Actions'

2023-05-29 00:59:43 - [MESSAGE][PASSED] - Current window's title is: 'WebDriver | Actions'

2023-05-29 00:59:43 - [TEST_STEP][PASSED] - verifyMatch(pageTitle, ".*Actions.*", true, STOP_ON_FAILURE): Actual text 'WebDriver | Actions' and expected text '.*Actions.*' are matched  using regular expression

2023-05-29 00:59:43 - [MESSAGE][PASSED] - Actual text 'WebDriver | Actions' and expected text '.*Actions.*' are matched  using regular expression

2023-05-29 00:59:43 - [TEST_STEP][PASSED] - dragAndDropToObject(findTestObject("Page_GreenKart/DRAG ME TO MY TARGET"), findTestObject("Page_GreenKart/DROP HERE")): Dragged object with id 'Object Repository/Page_GreenKart/DRAG ME TO MY TARGET' to object with id 'TestObject - 'Object Repository/Page_GreenKart/DROP HERE'' successfully

2023-05-29 00:59:45 - [MESSAGE][PASSED] - Dragged object with id 'Object Repository/Page_GreenKart/DRAG ME TO MY TARGET' to object with id 'TestObject - 'Object Repository/Page_GreenKart/DROP HERE'' successfully

2023-05-29 00:59:45 - [TEST_STEP][PASSED] - verifyElementNotVisible(findTestObject("Page_GreenKart/Link 1")): Object 'Object Repository/Page_GreenKart/Link 1' is NOT visible

2023-05-29 00:59:46 - [MESSAGE][PASSED] - Object 'Object Repository/Page_GreenKart/Link 1' is NOT visible

2023-05-29 00:59:46 - [TEST_STEP][PASSED] - mouseOver(findTestObject("Page_GreenKart/button_Hover Over Me First")): Object: 'Object Repository/Page_GreenKart/button_Hover Over Me First' is hovered

2023-05-29 00:59:46 - [MESSAGE][PASSED] - Object: 'Object Repository/Page_GreenKart/button_Hover Over Me First' is hovered

2023-05-29 00:59:46 - [TEST_STEP][PASSED] - verifyElementVisible(findTestObject("Page_GreenKart/Link 1")): Object 'Object Repository/Page_GreenKart/Link 1' is visible

2023-05-29 00:59:47 - [MESSAGE][PASSED] - Object 'Object Repository/Page_GreenKart/Link 1' is visible

2023-05-29 00:59:47 - [TEST_STEP][PASSED] - click(findTestObject("Page_GreenKart/Link 1")): Object: 'Object Repository/Page_GreenKart/Link 1' is clicked on

2023-05-29 00:59:47 - [MESSAGE][PASSED] - Object: 'Object Repository/Page_GreenKart/Link 1' is clicked on

2023-05-29 00:59:47 - [TEST_STEP][PASSED] - verifyAlertPresent(0): Alert is present after 30 second(s).

2023-05-29 00:59:47 - [MESSAGE][WARNING] - Timeout '0' is invalid. Using default page load timeout: '30'

2023-05-29 00:59:47 - [MESSAGE][PASSED] - Alert is present after 30 second(s).

2023-05-29 00:59:47 - [TEST_STEP][PASSED] - alertText = getAlertText(): Get alert text successfully: 'Well done you clicked on the link!'

2023-05-29 00:59:47 - [MESSAGE][PASSED] - Get alert text successfully: 'Well done you clicked on the link!'

2023-05-29 00:59:47 - [TEST_STEP][PASSED] - acceptAlert(): Alert accepted

2023-05-29 00:59:47 - [MESSAGE][PASSED] - Alert accepted

2023-05-29 00:59:47 - [TEST_STEP][PASSED] - closeBrowser(): Browser is closed

2023-05-29 00:59:48 - [MESSAGE][PASSED] - Browser is closed

2023-05-29 00:59:48 - [TEST_STEP][PASSED] - openBrowser(""): Browser is opened with url: ''

2023-05-29 00:59:48 - [MESSAGE][INFO] - Starting 'Chrome' driver

2023-05-29 00:59:48 - [MESSAGE][INFO] - Action delay is set to 0 milliseconds

2023-05-29 00:59:49 - [MESSAGE][PASSED] - Browser is opened with url: ''

2023-05-29 00:59:49 - [TEST_STEP][PASSED] - maximizeWindow(): Current window maximized

2023-05-29 00:59:49 - [MESSAGE][PASSED] - Current window maximized

2023-05-29 00:59:49 - [TEST_STEP][PASSED] - navigateToUrl("http://www.webdriveruniversity.com/Contact-Us/contactus.html"): Navigate to 'http://www.webdriveruniversity.com/Contact-Us/contactus.html' successfully

2023-05-29 00:59:50 - [MESSAGE][PASSED] - Navigate to 'http://www.webdriveruniversity.com/Contact-Us/contactus.html' successfully

2023-05-29 00:59:50 - [TEST_STEP][PASSED] - setText(findTestObject("Page_GreenKart/textarea_CONTACT US_message"), alertText): Text 'Well done you clicked on the link!' is set on object 'Object Repository/Page_GreenKart/textarea_CONTACT US_message'

2023-05-29 00:59:51 - [MESSAGE][PASSED] - Text 'Well done you clicked on the link!' is set on object 'Object Repository/Page_GreenKart/textarea_CONTACT US_message']]></system-out>
         <system-err><![CDATA[]]></system-err>
      </testcase>
      <system-out><![CDATA[2023-05-29 00:59:18 - [TEST_SUITE][PASSED] - 4Create: Test Cases/4Create2]]></system-out>
      <system-err><![CDATA[]]></system-err>
   </testsuite>
</testsuites>
